04-Apr-2024 17:06:23.357 INFO [main] org.apache.catalina.startup.VersionLoggerListener.log Nombre de la versión del servidor: Apache Tomcat/10.1.20
04-Apr-2024 17:06:23.357 INFO [main] org.apache.catalina.startup.VersionLoggerListener.log Server built:                      Mar 19 2024 12:49:58 UTC
04-Apr-2024 17:06:23.357 INFO [main] org.apache.catalina.startup.VersionLoggerListener.log Número de versión de servidor:     10.1.20.0
04-Apr-2024 17:06:23.357 INFO [main] org.apache.catalina.startup.VersionLoggerListener.log OS Name:                           Windows 11
04-Apr-2024 17:06:23.357 INFO [main] org.apache.catalina.startup.VersionLoggerListener.log Versión de Systema Operativo:      10.0
04-Apr-2024 17:06:23.357 INFO [main] org.apache.catalina.startup.VersionLoggerListener.log Arquitectura:                      amd64
04-Apr-2024 17:06:23.357 INFO [main] org.apache.catalina.startup.VersionLoggerListener.log Java Home:                         C:\Program Files\Java\jdk-21
04-Apr-2024 17:06:23.357 INFO [main] org.apache.catalina.startup.VersionLoggerListener.log JVM Version:                       21.0.1+12-LTS-29
04-Apr-2024 17:06:23.357 INFO [main] org.apache.catalina.startup.VersionLoggerListener.log Vededor JVM:                       Oracle Corporation
04-Apr-2024 17:06:23.357 INFO [main] org.apache.catalina.startup.VersionLoggerListener.log CATALINA_BASE:                     C:\Users\pao_i\Documents\ClearMind\Capacitacion\Modulo3\apache-tomcat-10.1.20
04-Apr-2024 17:06:23.357 INFO [main] org.apache.catalina.startup.VersionLoggerListener.log CATALINA_HOME:                     C:\Users\pao_i\Documents\ClearMind\Capacitacion\Modulo3\apache-tomcat-10.1.20
04-Apr-2024 17:06:23.375 INFO [main] org.apache.catalina.startup.VersionLoggerListener.log Command line argument:             -Djava.util.logging.config.file=C:\Users\pao_i\Documents\ClearMind\Capacitacion\Modulo3\apache-tomcat-10.1.20\conf\logging.properties
04-Apr-2024 17:06:23.375 INFO [main] org.apache.catalina.startup.VersionLoggerListener.log Command line argument:             -Djava.util.logging.manager=org.apache.juli.ClassLoaderLogManager
04-Apr-2024 17:06:23.375 INFO [main] org.apache.catalina.startup.VersionLoggerListener.log Command line argument:             -Djdk.tls.ephemeralDHKeySize=2048
04-Apr-2024 17:06:23.375 INFO [main] org.apache.catalina.startup.VersionLoggerListener.log Command line argument:             -Djava.protocol.handler.pkgs=org.apache.catalina.webresources
04-Apr-2024 17:06:23.377 INFO [main] org.apache.catalina.startup.VersionLoggerListener.log Command line argument:             --add-opens=java.base/java.lang=ALL-UNNAMED
04-Apr-2024 17:06:23.377 INFO [main] org.apache.catalina.startup.VersionLoggerListener.log Command line argument:             --add-opens=java.base/java.io=ALL-UNNAMED
04-Apr-2024 17:06:23.377 INFO [main] org.apache.catalina.startup.VersionLoggerListener.log Command line argument:             --add-opens=java.base/java.util=ALL-UNNAMED
04-Apr-2024 17:06:23.377 INFO [main] org.apache.catalina.startup.VersionLoggerListener.log Command line argument:             --add-opens=java.base/java.util.concurrent=ALL-UNNAMED
04-Apr-2024 17:06:23.377 INFO [main] org.apache.catalina.startup.VersionLoggerListener.log Command line argument:             --add-opens=java.rmi/sun.rmi.transport=ALL-UNNAMED
04-Apr-2024 17:06:23.377 INFO [main] org.apache.catalina.startup.VersionLoggerListener.log Command line argument:             -Dcatalina.base=C:\Users\pao_i\Documents\ClearMind\Capacitacion\Modulo3\apache-tomcat-10.1.20
04-Apr-2024 17:06:23.377 INFO [main] org.apache.catalina.startup.VersionLoggerListener.log Command line argument:             -Dcatalina.home=C:\Users\pao_i\Documents\ClearMind\Capacitacion\Modulo3\apache-tomcat-10.1.20
04-Apr-2024 17:06:23.377 INFO [main] org.apache.catalina.startup.VersionLoggerListener.log Command line argument:             -Djava.io.tmpdir=C:\Users\pao_i\Documents\ClearMind\Capacitacion\Modulo3\apache-tomcat-10.1.20\temp
04-Apr-2024 17:06:23.387 INFO [main] org.apache.catalina.core.AprLifecycleListener.lifecycleEvent Cargada la biblioteca nativa APR de Apache Tomcat [2.0.7] con la versión APR [1.7.4].
04-Apr-2024 17:06:23.387 INFO [main] org.apache.catalina.core.AprLifecycleListener.initializeSSL OpenSSL inicializado correctamente [OpenSSL 3.0.13 30 Jan 2024]
04-Apr-2024 17:06:23.627 INFO [main] org.apache.coyote.AbstractProtocol.init Inicializando el manejador de protocolo ["http-nio-8080"]

04-Apr-2024 17:06:23.647 INFO [main] org.apache.catalina.startup.Catalina.load Server initialization in [465] milliseconds
04-Apr-2024 17:06:23.710 INFO [main] org.apache.catalina.core.StandardService.startInternal Arrancando servicio [Catalina]
04-Apr-2024 17:06:23.711 INFO [main] org.apache.catalina.core.StandardEngine.startInternal Starting Servlet engine: [Apache Tomcat/10.1.20]
04-Apr-2024 17:06:23.729 INFO [main] org.apache.catalina.startup.HostConfig.deployDirectory Desplegando el directorio [C:\Users\pao_i\Documents\ClearMind\Capacitacion\Modulo3\apache-tomcat-10.1.20\webapps\docs] de la aplicación web
04-Apr-2024 17:06:24.059 INFO [main] org.apache.catalina.startup.HostConfig.deployDirectory Deployment of web application directory [C:\Users\pao_i\Documents\ClearMind\Capacitacion\Modulo3\apache-tomcat-10.1.20\webapps\docs] has finished in [330] ms
04-Apr-2024 17:06:24.067 INFO [main] org.apache.catalina.startup.HostConfig.deployDirectory Desplegando el directorio [C:\Users\pao_i\Documents\ClearMind\Capacitacion\Modulo3\apache-tomcat-10.1.20\webapps\examples] de la aplicación web
04-Apr-2024 17:06:24.578 INFO [main] org.apache.catalina.startup.HostConfig.deployDirectory Deployment of web application directory [C:\Users\pao_i\Documents\ClearMind\Capacitacion\Modulo3\apache-tomcat-10.1.20\webapps\examples] has finished in [519] ms
04-Apr-2024 17:06:24.578 INFO [main] org.apache.catalina.startup.HostConfig.deployDirectory Desplegando el directorio [C:\Users\pao_i\Documents\ClearMind\Capacitacion\Modulo3\apache-tomcat-10.1.20\webapps\host-manager] de la aplicación web
04-Apr-2024 17:06:24.617 INFO [main] org.apache.catalina.startup.HostConfig.deployDirectory Deployment of web application directory [C:\Users\pao_i\Documents\ClearMind\Capacitacion\Modulo3\apache-tomcat-10.1.20\webapps\host-manager] has finished in [39] ms
04-Apr-2024 17:06:24.617 INFO [main] org.apache.catalina.startup.HostConfig.deployDirectory Desplegando el directorio [C:\Users\pao_i\Documents\ClearMind\Capacitacion\Modulo3\apache-tomcat-10.1.20\webapps\krakedev] de la aplicación web
04-Apr-2024 17:06:24.646 INFO [main] org.apache.catalina.startup.HostConfig.deployDirectory Deployment of web application directory [C:\Users\pao_i\Documents\ClearMind\Capacitacion\Modulo3\apache-tomcat-10.1.20\webapps\krakedev] has finished in [28] ms
04-Apr-2024 17:06:24.647 INFO [main] org.apache.catalina.startup.HostConfig.deployDirectory Desplegando el directorio [C:\Users\pao_i\Documents\ClearMind\Capacitacion\Modulo3\apache-tomcat-10.1.20\webapps\manager] de la aplicación web
04-Apr-2024 17:06:24.683 INFO [main] org.apache.catalina.startup.HostConfig.deployDirectory Deployment of web application directory [C:\Users\pao_i\Documents\ClearMind\Capacitacion\Modulo3\apache-tomcat-10.1.20\webapps\manager] has finished in [36] ms
04-Apr-2024 17:06:24.683 INFO [main] org.apache.catalina.startup.HostConfig.deployDirectory Desplegando el directorio [C:\Users\pao_i\Documents\ClearMind\Capacitacion\Modulo3\apache-tomcat-10.1.20\webapps\ROOT] de la aplicación web
04-Apr-2024 17:06:24.706 INFO [main] org.apache.catalina.startup.HostConfig.deployDirectory Deployment of web application directory [C:\Users\pao_i\Documents\ClearMind\Capacitacion\Modulo3\apache-tomcat-10.1.20\webapps\ROOT] has finished in [22] ms
04-Apr-2024 17:06:24.710 INFO [main] org.apache.coyote.AbstractProtocol.start Starting ProtocolHandler ["http-nio-8080"]
04-Apr-2024 17:06:24.734 INFO [main] org.apache.catalina.startup.Catalina.start Server startup in [1080] milliseconds
04-Apr-2024 17:19:05.786 INFO [Thread-1] org.apache.coyote.AbstractProtocol.pause Pausing ProtocolHandler ["http-nio-8080"]
04-Apr-2024 17:19:05.798 INFO [Thread-1] org.apache.catalina.core.StandardService.stopInternal Parando servicio [Catalina]
04-Apr-2024 17:19:05.827 INFO [Thread-1] org.apache.coyote.AbstractProtocol.stop Stopping ProtocolHandler ["http-nio-8080"]
04-Apr-2024 17:19:05.833 INFO [Thread-1] org.apache.coyote.AbstractProtocol.destroy Destroying ProtocolHandler ["http-nio-8080"]
