[debug] [2024-04-04T23:42:21.430Z] ----------------------------------------------------------------------
[debug] [2024-04-04T23:42:21.433Z] Command:       C:\Program Files\nodejs\node.exe C:\Users\pao_i\AppData\Roaming\npm\node_modules\firebase-tools\lib\bin\firebase.js init
[debug] [2024-04-04T23:42:21.434Z] CLI Version:   13.7.0
[debug] [2024-04-04T23:42:21.434Z] Platform:      win32
[debug] [2024-04-04T23:42:21.434Z] Node Version:  v20.11.0
[debug] [2024-04-04T23:42:21.434Z] Time:          Thu Apr 04 2024 18:42:21 GMT-0500 (hora de Ecuador)
[debug] [2024-04-04T23:42:21.434Z] ----------------------------------------------------------------------
[debug] 
[debug] [2024-04-04T23:42:21.437Z] >>> [apiv2][query] GET https://firebase-public.firebaseio.com/cli.json [none]
[debug] [2024-04-04T23:42:21.494Z] > command requires scopes: ["email","openid","https://www.googleapis.com/auth/cloudplatformprojects.readonly","https://www.googleapis.com/auth/firebase","https://www.googleapis.com/auth/cloud-platform"]
[debug] [2024-04-04T23:42:21.494Z] > authorizing via signed-in user (sandryipiales@gmail.com)
[info] 
     ######## #### ########  ######## ########     ###     ######  ########
     ##        ##  ##     ## ##       ##     ##  ##   ##  ##       ##
     ######    ##  ########  ######   ########  #########  ######  ######
     ##        ##  ##    ##  ##       ##     ## ##     ##       ## ##
     ##       #### ##     ## ######## ########  ##     ##  ######  ########

You're about to initialize a Firebase project in this directory:

  C:\Users\pao_i\Documents\ClearMind\Capacitacion\Modulo3\KRAKEDEV

[debug] [2024-04-04T23:42:21.811Z] <<< [apiv2][status] GET https://firebase-public.firebaseio.com/cli.json 200
[debug] [2024-04-04T23:42:21.813Z] <<< [apiv2][body] GET https://firebase-public.firebaseio.com/cli.json {"cloudBuildErrorAfter":1594252800000,"cloudBuildWarnAfter":1590019200000,"defaultNode10After":1594252800000,"minVersion":"3.0.5","node8DeploysDisabledAfter":1613390400000,"node8RuntimeDisabledAfter":1615809600000,"node8WarnAfter":1600128000000}
